<?xml version="1.0" encoding="UTF-8"?>
<testng-results ignored="0" total="1" passed="1" failed="0" skipped="0">
  <reporter-output>
  </reporter-output>
  <suite started-at="2024-12-26T11:21:59 IST" name="Default suite" finished-at="2024-12-26T11:22:09 IST" duration-ms="9983">
    <groups>
    </groups>
    <test started-at="2024-12-26T11:21:59 IST" name="Default test" finished-at="2024-12-26T11:22:09 IST" duration-ms="9983">
      <class name="tesrScript.DemoWebShop_Test">
        <test-method signature="loginToApp_Test()[pri:0, instance:tesrScript.DemoWebShop_Test@54422e18]" started-at="2024-12-26T11:21:59 IST" name="loginToApp_Test" finished-at="2024-12-26T11:22:09 IST" duration-ms="9919" status="PASS">
          <reporter-output>
          </reporter-output>
        </test-method> <!-- loginToApp_Test -->
      </class> <!-- tesrScript.DemoWebShop_Test -->
    </test> <!-- Default test -->
  </suite> <!-- Default suite -->
</testng-results>
